<?xml version="1.0" encoding="UTF-8"?>
<testng-results ignored="0" total="1" passed="1" failed="0" skipped="0">
  <reporter-output>
  </reporter-output>
  <suite started-at="2024-11-18T18:23:06 CET" name="Default Suite" finished-at="2024-11-18T18:23:24 CET" duration-ms="18296">
    <groups>
    </groups>
    <test started-at="2024-11-18T18:23:06 CET" name="ProjectAutomationSelenium" finished-at="2024-11-18T18:23:24 CET" duration-ms="18296">
      <class name="TestsInProject.AddRemoveCartTest">
        <test-method is-config="true" signature="setup()[pri:0, instance:TestsInProject.AddRemoveCartTest@5d908d47]" started-at="2024-11-18T18:23:06 CET" name="setup" finished-at="2024-11-18T18:23:09 CET" duration-ms="3318" status="PASS">
          <reporter-output>
          </reporter-output>
        </test-method> <!-- setup -->
        <test-method signature="addRemoveItem()[pri:0, instance:TestsInProject.AddRemoveCartTest@5d908d47]" started-at="2024-11-18T18:23:09 CET" name="addRemoveItem" finished-at="2024-11-18T18:23:24 CET" duration-ms="14876" status="PASS">
          <reporter-output>
          </reporter-output>
        </test-method> <!-- addRemoveItem -->
        <test-method is-config="true" signature="tearDown()[pri:0, instance:TestsInProject.AddRemoveCartTest@5d908d47]" started-at="2024-11-18T18:23:24 CET" name="tearDown" finished-at="2024-11-18T18:23:24 CET" duration-ms="83" status="PASS">
          <reporter-output>
          </reporter-output>
        </test-method> <!-- tearDown -->
      </class> <!-- TestsInProject.AddRemoveCartTest -->
    </test> <!-- ProjectAutomationSelenium -->
  </suite> <!-- Default Suite -->
</testng-results>
