<?xml version="1.0" encoding="UTF-8"?>
<testng-results ignored="0" total="1" passed="1" failed="0" skipped="0">
  <reporter-output>
  </reporter-output>
  <suite started-at="2024-11-18T12:39:10 CET" name="Default Suite" finished-at="2024-11-18T12:39:28 CET" duration-ms="17449">
    <groups>
    </groups>
    <test started-at="2024-11-18T12:39:10 CET" name="ProjectAutomationSelenium" finished-at="2024-11-18T12:39:28 CET" duration-ms="17449">
      <class name="TestsInProject.AddRemoveCartTest">
        <test-method is-config="true" signature="setup()[pri:0, instance:TestsInProject.AddRemoveCartTest@1224144a]" started-at="2024-11-18T12:39:10 CET" name="setup" finished-at="2024-11-18T12:39:13 CET" duration-ms="3218" status="PASS">
          <reporter-output>
          </reporter-output>
        </test-method> <!-- setup -->
        <test-method signature="addRemoveItem()[pri:0, instance:TestsInProject.AddRemoveCartTest@1224144a]" started-at="2024-11-18T12:39:13 CET" name="addRemoveItem" finished-at="2024-11-18T12:39:27 CET" duration-ms="14124" status="PASS">
          <reporter-output>
          </reporter-output>
        </test-method> <!-- addRemoveItem -->
        <test-method is-config="true" signature="tearDown()[pri:0, instance:TestsInProject.AddRemoveCartTest@1224144a]" started-at="2024-11-18T12:39:27 CET" name="tearDown" finished-at="2024-11-18T12:39:28 CET" duration-ms="88" status="PASS">
          <reporter-output>
          </reporter-output>
        </test-method> <!-- tearDown -->
      </class> <!-- TestsInProject.AddRemoveCartTest -->
    </test> <!-- ProjectAutomationSelenium -->
  </suite> <!-- Default Suite -->
</testng-results>
